<?xml version="1.0" encoding="UTF-8"?>
<!-- Generated by org.testng.reporters.JUnitReportReporter -->
<testsuite hostname="DESKTOP-GT782CE" failures="0" tests="1" name="test.NaptolHomePageTest" time="14.940" errors="0" timestamp="2024-12-12T16:13:20 IST" skipped="0">
  <testcase classname="test.NaptolHomePageTest" name="VerifyIfProductDetailsAreCorectIfViewInQuickView" time="14.940"/>
</testsuite> <!-- test.NaptolHomePageTest -->
